<?xml version="1.0" encoding="UTF-8"?>
<!-- Generated by org.testng.reporters.JUnitReportReporter -->
<testsuite skipped="0" hostname="DESKTOP-J5NUTTK" name="com.reresonance.regression.RegressionTestPageoneObjects" tests="2" failures="0" timestamp="17 May 2022 00:13:51 GMT" time="22.976" errors="0">
  <testcase name="verifyTitleOfHomePage" time="6.485" classname="com.reresonance.regression.RegressionTestPageoneObjects"/>
  <testcase name="verifyConfoirmationAlertIsOpened" time="16.491" classname="com.reresonance.regression.RegressionTestPageoneObjects"/>
</testsuite> <!-- com.reresonance.regression.RegressionTestPageoneObjects -->
