<?xml version="1.0" encoding="UTF-8"?>
<!-- Generated by org.testng.reporters.JUnitReportReporter -->
<testsuite skipped="0" hostname="DESKTOP-J5NUTTK" name="com.reresonance.regression.RegressionTestone" tests="1" failures="0" timestamp="17 May 2022 10:18:04 GMT" time="21.648" errors="0">
  <testcase name="verifyTitleOfHomePage" time="21.648" classname="com.reresonance.regression.RegressionTestone"/>
</testsuite> <!-- com.reresonance.regression.RegressionTestone -->
