<?xml version="1.0" encoding="UTF-8"?>
<!-- Generated by org.testng.reporters.JUnitReportReporter -->
<testsuite skipped="0" hostname="DESKTOP-J5NUTTK" name="com.reresonance.regression.RegressionPagetwoObjects" tests="2" failures="0" timestamp="17 May 2022 04:53:16 GMT" time="39.369" errors="0">
  <testcase name="verifyConfoirmationAlertIsOpened" time="29.453" classname="com.reresonance.regression.RegressionPagetwoObjects"/>
  <testcase name="verifyTitleOfHomePage" time="9.916" classname="com.reresonance.regression.RegressionPagetwoObjects"/>
</testsuite> <!-- com.reresonance.regression.RegressionPagetwoObjects -->
