<?xml version="1.0" encoding="UTF-8"?>
<!-- Generated by org.testng.reporters.JUnitReportReporter -->
<testsuite skipped="0" hostname="DESKTOP-J5NUTTK" name="com.reresonance.regression.RegressionTests" tests="1" failures="0" timestamp="10 May 2022 01:04:37 GMT" time="11.351" errors="0">
  <testcase name="verifyConformationAlertISOpened" time="11.351" classname="com.reresonance.regression.RegressionTests"/>
</testsuite> <!-- com.reresonance.regression.RegressionTests -->
